<?xml version="1.0" encoding="UTF-8"?>
<!-- Generated by org.testng.reporters.JUnitXMLReporter -->
<testsuite ignored="0" hostname="Taylors-MacBook-Pro.local" failures="0" tests="3" name="All Functionalities" time="73.675" errors="0" timestamp="2022-06-14T10:43:52 MST">
  <testcase classname="scripts.Base" name="@AfterMethod teardown" time="0.001">
    <failure type="java.lang.AssertionError" message="The following asserts failed:
	expected [true] but found [false],
	expected [true] but found [false]">
      <![CDATA[java.lang.AssertionError: The following asserts failed:
expected [true] but found [false],
expected [true] but found [false]
at scripts.Base.teardown(Base.java:26)
at java.base/java.util.ArrayList.forEach(ArrayList.java:1511)
... Removed 35 stack frames]]>
    </failure>
  </testcase> <!-- @AfterMethod teardown -->
  <testcase classname="scripts.UnitedAirlinesTest" name="validateMainMenuNavigationItems" time="15.819"/>
  <testcase classname="scripts.UnitedAirlinesTest" name="validateTravelBookMenuNavigationItems" time="15.514"/>
  <testcase classname="scripts.UnitedAirlinesTest" name="testRoundTripAndOneWayRadioButtons" time="19.017"/>
</testsuite> <!-- All Functionalities -->
