<?xml version="1.0" encoding="UTF-8"?>
<testng-results ignored="0" total="3" passed="3" failed="0" skipped="0">
  <reporter-output>
  </reporter-output>
  <suite started-at="2022-06-14T10:42:38 MST" name="Regression" finished-at="2022-06-14T10:43:52 MST" duration-ms="73675">
    <groups>
    </groups>
    <test started-at="2022-06-14T10:42:38 MST" name="All Functionalities" finished-at="2022-06-14T10:43:52 MST" duration-ms="73675">
      <class name="scripts.UnitedAirlinesTest">
        <test-method is-config="true" signature="setup()[pri:0, instance:scripts.UnitedAirlinesTest@2e3fc542]" started-at="2022-06-14T10:42:38 MST" name="setup" finished-at="2022-06-14T10:42:43 MST" duration-ms="4934" status="PASS">
          <reporter-output>
          </reporter-output>
        </test-method> <!-- setup -->
        <test-method signature="validateMainMenuNavigationItems()[pri:1, instance:scripts.UnitedAirlinesTest@2e3fc542]" started-at="2022-06-14T10:42:43 MST" name="validateMainMenuNavigationItems" description="Test Case 1: Validate &quot;Main menu&quot; navigation items" finished-at="2022-06-14T10:42:59 MST" duration-ms="15819" status="PASS">
          <reporter-output>
          </reporter-output>
        </test-method> <!-- validateMainMenuNavigationItems -->
        <test-method is-config="true" signature="teardown()[pri:0, instance:scripts.UnitedAirlinesTest@2e3fc542]" started-at="2022-06-14T10:42:59 MST" name="teardown" finished-at="2022-06-14T10:43:02 MST" duration-ms="3208" status="PASS">
          <reporter-output>
          </reporter-output>
        </test-method> <!-- teardown -->
        <test-method is-config="true" signature="setup()[pri:0, instance:scripts.UnitedAirlinesTest@2e3fc542]" started-at="2022-06-14T10:43:02 MST" name="setup" finished-at="2022-06-14T10:43:12 MST" duration-ms="9355" status="PASS">
          <reporter-output>
          </reporter-output>
        </test-method> <!-- setup -->
        <test-method signature="validateTravelBookMenuNavigationItems()[pri:2, instance:scripts.UnitedAirlinesTest@2e3fc542]" started-at="2022-06-14T10:43:12 MST" name="validateTravelBookMenuNavigationItems" description="Test Case 2: Validate &quot;Book travel menu&quot; navigation items" finished-at="2022-06-14T10:43:27 MST" duration-ms="15514" status="PASS">
          <reporter-output>
          </reporter-output>
        </test-method> <!-- validateTravelBookMenuNavigationItems -->
        <test-method is-config="true" signature="teardown()[pri:0, instance:scripts.UnitedAirlinesTest@2e3fc542]" started-at="2022-06-14T10:43:27 MST" name="teardown" finished-at="2022-06-14T10:43:30 MST" duration-ms="3150" status="PASS">
          <reporter-output>
          </reporter-output>
        </test-method> <!-- teardown -->
        <test-method is-config="true" signature="setup()[pri:0, instance:scripts.UnitedAirlinesTest@2e3fc542]" started-at="2022-06-14T10:43:30 MST" name="setup" finished-at="2022-06-14T10:43:33 MST" duration-ms="2658" status="PASS">
          <reporter-output>
          </reporter-output>
        </test-method> <!-- setup -->
        <test-method signature="testRoundTripAndOneWayRadioButtons()[pri:3, instance:scripts.UnitedAirlinesTest@2e3fc542]" started-at="2022-06-14T10:43:33 MST" name="testRoundTripAndOneWayRadioButtons" description=" Test Case 3: Validate &quot;Round-trip&quot; and &quot;One-way&quot; radio buttons" finished-at="2022-06-14T10:43:52 MST" duration-ms="19017" status="PASS">
          <reporter-output>
          </reporter-output>
        </test-method> <!-- testRoundTripAndOneWayRadioButtons -->
        <test-method is-config="true" signature="teardown()[pri:0, instance:scripts.UnitedAirlinesTest@2e3fc542]" started-at="2022-06-14T10:43:52 MST" name="teardown" finished-at="2022-06-14T10:43:52 MST" duration-ms="1" status="FAIL">
          <exception class="java.lang.AssertionError">
            <message>
              <![CDATA[The following asserts failed:
expected [true] but found [false],
expected [true] but found [false]]]>
            </message>
            <full-stacktrace>
              <![CDATA[java.lang.AssertionError: The following asserts failed:
expected [true] but found [false],
expected [true] but found [false]
at org.testng.asserts.SoftAssert.assertAll(SoftAssert.java:47)
at org.testng.asserts.SoftAssert.assertAll(SoftAssert.java:31)
at scripts.Base.teardown(Base.java:26)
at java.base/jdk.internal.reflect.DirectMethodHandleAccessor.invoke(DirectMethodHandleAccessor.java:104)
at java.base/java.lang.reflect.Method.invoke(Method.java:577)
at org.testng.internal.MethodInvocationHelper.invokeMethod(MethodInvocationHelper.java:134)
at org.testng.internal.MethodInvocationHelper.invokeMethodConsideringTimeout(MethodInvocationHelper.java:63)
at org.testng.internal.ConfigInvoker.invokeConfigurationMethod(ConfigInvoker.java:348)
at org.testng.internal.ConfigInvoker.invokeConfigurations(ConfigInvoker.java:302)
at org.testng.internal.TestInvoker.runConfigMethods(TestInvoker.java:695)
at org.testng.internal.TestInvoker.runAfterGroupsConfigurations(TestInvoker.java:671)
at org.testng.internal.TestInvoker.invokeMethod(TestInvoker.java:655)
at org.testng.internal.TestInvoker.invokeTestMethod(TestInvoker.java:173)
at org.testng.internal.MethodRunner.runInSequence(MethodRunner.java:46)
at org.testng.internal.TestInvoker$MethodInvocationAgent.invoke(TestInvoker.java:816)
at org.testng.internal.TestInvoker.invokeTestMethods(TestInvoker.java:146)
at org.testng.internal.TestMethodWorker.invokeTestMethods(TestMethodWorker.java:146)
at org.testng.internal.TestMethodWorker.run(TestMethodWorker.java:128)
at java.base/java.util.ArrayList.forEach(ArrayList.java:1511)
at org.testng.TestRunner.privateRun(TestRunner.java:766)
at org.testng.TestRunner.run(TestRunner.java:587)
at org.testng.SuiteRunner.runTest(SuiteRunner.java:384)
at org.testng.SuiteRunner.runSequentially(SuiteRunner.java:378)
at org.testng.SuiteRunner.privateRun(SuiteRunner.java:337)
at org.testng.SuiteRunner.run(SuiteRunner.java:286)
at org.testng.SuiteRunnerWorker.runSuite(SuiteRunnerWorker.java:53)
at org.testng.SuiteRunnerWorker.run(SuiteRunnerWorker.java:96)
at org.testng.TestNG.runSuitesSequentially(TestNG.java:1187)
at org.testng.TestNG.runSuitesLocally(TestNG.java:1109)
at org.testng.TestNG.runSuites(TestNG.java:1039)
at org.testng.TestNG.run(TestNG.java:1007)
at org.apache.maven.surefire.testng.TestNGExecutor.run(TestNGExecutor.java:281)
at org.apache.maven.surefire.testng.TestNGXmlTestSuite.execute(TestNGXmlTestSuite.java:75)
at org.apache.maven.surefire.testng.TestNGProvider.invoke(TestNGProvider.java:121)
at org.apache.maven.surefire.booter.ForkedBooter.invokeProviderInSameClassLoader(ForkedBooter.java:290)
at org.apache.maven.surefire.booter.ForkedBooter.runSuitesInProcess(ForkedBooter.java:242)
at org.apache.maven.surefire.booter.ForkedBooter.main(ForkedBooter.java:121)
]]>
            </full-stacktrace>
          </exception> <!-- java.lang.AssertionError -->
          <reporter-output>
          </reporter-output>
        </test-method> <!-- teardown -->
      </class> <!-- scripts.UnitedAirlinesTest -->
    </test> <!-- All Functionalities -->
  </suite> <!-- Regression -->
</testng-results>
